<?xml version="1.0" encoding="utf-8"?><testsuites name="pytest tests"><testsuite name="pytest" errors="0" failures="0" skipped="0" tests="19" time="9.140" timestamp="2026-09-19T21:09:38.023470+00:00" hostname="agent-env-bfbbb38c-6e81-49b9-99a5-ff359832b0db"><testcase classname="tests.backend_test.TestUsers" name="test_adjust_balance_idr" time="1.609" /><testcase classname="tests.backend_test.TestDeposits" name="test_list_deposits_filter" time="0.933" /><testcase classname="tests.backend_test.TestDeposits" name="test_approve_deposit_credits_balance" time="1.305" /><testcase classname="tests.backend_test.TestUsers" name="test_list_users_includes_test" time="0.153" /><testcase classname="tests.backend_test.TestUsers" name="test_stats_reflects_circulating" time="1.161" /><testcase classname="tests.backend_test.TestDeposits" name="test_reject_deposit" time="1.044" /><testcase classname="tests.backend_test.TestUsers" name="test_freeze_unfreeze" time="2.279" /><testcase classname="tests.backend_test.TestDeposits" name="test_cancel_approved_reduces_balance" time="2.305" /><testcase classname="tests.backend_test.TestAuth" name="test_login_wrong_password" time="0.386" /><testcase classname="tests.backend_test.TestDeposits" name="test_approve_nonexistent_returns_404" time="0.118" /><testcase classname="tests.backend_test.TestAuth" name="test_admin_requires_auth" time="0.145" /><testcase classname="tests.backend_test.TestWebhook" name="test_wrong_secret_403" time="0.119" /><testcase classname="tests.backend_test.TestAuth" name="test_admin_with_bearer" time="0.125" /><testcase classname="tests.backend_test.TestWebhook" name="test_start_message_creates_user" time="0.641" /><testcase classname="tests.backend_test.TestProducts" name="test_create_license_product" time="0.524" /><testcase classname="tests.backend_test.TestProducts" name="test_create_file_product_without_file_returns_400" time="0.127" /><testcase classname="tests.backend_test.TestWebhook" name="test_callback_sets_currency_idr" time="1.133" /><testcase classname="tests.backend_test.TestSettings" name="test_get_settings" time="0.118" /><testcase classname="tests.backend_test.TestSettings" name="test_update_settings_persists" time="0.257" /></testsuite></testsuites>